2017-08-22 23:44:07.928/3.886 Oracle Coherence 12.1.3.0.0 <Info> (thread=main, member=n/a): Loaded operational configuration from "jar:file:/C:/Oracle12c/Middleware/Oracle_Home/coherence/lib/coherence.jar!/tangosol-coherence.xml"
2017-08-22 23:44:08.116/4.074 Oracle Coherence 12.1.3.0.0 <Info> (thread=main, member=n/a): Loaded operational overrides from "jar:file:/C:/Oracle12c/Middleware/Oracle_Home/coherence/lib/coherence.jar!/tangosol-coherence-override-dev.xml"
2017-08-22 23:44:08.118/4.076 Oracle Coherence 12.1.3.0.0 <D5> (thread=main, member=n/a): Optional configuration override "/tangosol-coherence-override.xml" is not specified
2017-08-22 23:44:08.122/4.080 Oracle Coherence 12.1.3.0.0 <D5> (thread=main, member=n/a): Optional configuration override "cache-factory-config.xml" is not specified
2017-08-22 23:44:08.123/4.081 Oracle Coherence 12.1.3.0.0 <D5> (thread=main, member=n/a): Optional configuration override "cache-factory-builder-config.xml" is not specified
2017-08-22 23:44:08.125/4.083 Oracle Coherence 12.1.3.0.0 <D5> (thread=main, member=n/a): Optional configuration override "/custom-mbeans.xml" is not specified

Oracle Coherence Version 12.1.3.0.0 Build 52031
 Grid Edition: Development mode
Copyright (c) 2000, 2014, Oracle and/or its affiliates. All rights reserved.

2017-08-22 23:44:08.329/4.287 Oracle Coherence GE 12.1.3.0.0 <Info> (thread=main, member=n/a): Created cache factory com.tangosol.net.DefaultConfigurableCacheFactory
Aug 22, 2017 11:44:09 PM oracle.fabric.common.wsdl.SchemaManager isIncrementalBuildSupported
INFO: XMLSchema incremental build enabled.
Aug 22, 2017 11:44:09 PM com.collaxa.cube.CubeLogger info
INFO: validating "BPEL/BPELProcess_HelloWorld.bpel" ...
Aug 22, 2017 11:44:09 PM oracle.integration.platform.blocks.PlatformConfigurationProvider getPlatformConfigurationProvider
WARNING: JRF is unable to determine the current application server platform.
Aug 22, 2017 11:44:10 PM com.collaxa.cube.CubeLogger info
INFO: Composed "BPELProcess_HelloWorld" in 109.3 milliseconds [nodes 6=0+6, 54.9 nodes/sec]
Aug 22, 2017 11:44:12 PM CubeProcessGenerator compile
INFO: RegularFileObject[D:\JDeveloper\mywork\CICDApp\Bpelprocess_1\SOA\SCA-INF\bpel\BPELPr~0\src\orabpel\bpelprocess_helloworld\L0.java] D:\JDeveloper\mywork\CICDApp\Bpelprocess_1\SOA\SCA-INF\bpel\BPELPr~0\src\orabpel\bpelprocess_helloworld\L0.java uses unchecked or unsafe operations.
Aug 22, 2017 11:44:12 PM CubeProcessGenerator compile
INFO: RegularFileObject[D:\JDeveloper\mywork\CICDApp\Bpelprocess_1\SOA\SCA-INF\bpel\BPELPr~0\src\orabpel\bpelprocess_helloworld\L0.java] Recompile with -Xlint:unchecked for details.
Aug 22, 2017 11:44:12 PM com.collaxa.cube.CubeLogger info
INFO: Compiled "BPELProcess_HelloWorld" in 2.644 seconds
Aug 22, 2017 11:44:12 PM com.collaxa.cube.CubeLogger info
INFO: Gathered 4 files in 2.1 milliseconds
Aug 22, 2017 11:44:12 PM com.collaxa.cube.CubeLogger info
INFO: Packaged "BPELProcess_HelloWorld" in 36.0 milliseconds
